Arguments: 
  /usr/local/Cellar/node/11.9.0/bin/node /usr/local/Cellar/yarn/1.13.0/libexec/bin/yarn.js add koa koa-router koa-json koa-bodyparser @koa-cors

PATH: 
  /usr/local/bin:/usr/bin:/bin:/usr/sbin:/sbin

Yarn version: 
  1.13.0

Node version: 
  11.9.0

Platform: 
  darwin x64

Trace: 
  Error: https://registry.yarnpkg.com/@koa-cors: Request "https://registry.yarnpkg.com/@koa-cors" returned a 405
      at Request.params.callback [as _callback] (/usr/local/Cellar/yarn/1.13.0/libexec/lib/cli.js:66264:18)
      at Request.self.callback (/usr/local/Cellar/yarn/1.13.0/libexec/lib/cli.js:129397:22)
      at Request.emit (events.js:197:13)
      at Request.<anonymous> (/usr/local/Cellar/yarn/1.13.0/libexec/lib/cli.js:130369:10)
      at Request.emit (events.js:197:13)
      at IncomingMessage.<anonymous> (/usr/local/Cellar/yarn/1.13.0/libexec/lib/cli.js:130291:12)
      at Object.onceWrapper (events.js:285:13)
      at IncomingMessage.emit (events.js:202:15)
      at endReadableNT (_stream_readable.js:1129:12)
      at processTicksAndRejections (internal/process/next_tick.js:76:17)

npm manifest: 
  {
    "name": "server",
    "version": "1.0.0",
    "description": "",
    "main": "index.js",
    "scripts": {
      "test": "echo \"Error: no test specified\" && exit 1"
    },
    "author": "",
    "license": "ISC",
    "dependencies": {
      "ipfs-http-client": "^32.0.1"
    }
  }

yarn manifest: 
  No manifest

Lockfile: 
  # THIS IS AN AUTOGENERATED FILE. DO NOT EDIT THIS FILE DIRECTLY.
  # yarn lockfile v1
  
  
  asmcrypto.js@^2.3.2:
    version "2.3.2"
    resolved "https://registry.yarnpkg.com/asmcrypto.js/-/asmcrypto.js-2.3.2.tgz#b9f84bd0a1fb82f21f8c29cc284a707ad17bba2e"
    integrity sha512-3FgFARf7RupsZETQ1nHnhLUUvpcttcCq1iZCaVAbJZbCZ5VNRrNyvpDyHTOb0KC3llFcsyOT/a99NZcCbeiEsA==
  
  asn1.js@^5.0.1:
    version "5.0.1"
    resolved "https://registry.yarnpkg.com/asn1.js/-/asn1.js-5.0.1.tgz#7668b56416953f0ce3421adbb3893ace59c96f59"
    integrity sha512-aO8EaEgbgqq77IEw+1jfx5c9zTbzvkfuRBuZsSsPnTHMkmd5AI4J6OtITLZFa381jReeaQL67J0GBTUu0+ZTVw==
    dependencies:
      bn.js "^4.0.0"
      inherits "^2.0.1"
      minimalistic-assert "^1.0.0"
  
  async@^2.6.1:
    version "2.6.2"
    resolved "https://registry.yarnpkg.com/async/-/async-2.6.2.tgz#18330ea7e6e313887f5d2f2a904bac6fe4dd5381"
    integrity sha512-H1qVYh1MYhEEFLsP97cVKqCGo7KfCyTt6uEWqsTBr9SO84oK9Uwbyd/yCW+6rKJLHksBNUVWZDAjfS+Ccx0Bbg==
    dependencies:
      lodash "^4.17.11"
  
  balanced-match@^1.0.0:
    version "1.0.0"
    resolved "https://registry.yarnpkg.com/balanced-match/-/balanced-match-1.0.0.tgz#89b4d199ab2bee49de164ea02b89ce462d71b767"
    integrity sha1-ibTRmasr7kneFk6gK4nORi1xt2c=
  
  base-x@3.0.4:
    version "3.0.4"
    resolved "https://registry.yarnpkg.com/base-x/-/base-x-3.0.4.tgz#94c1788736da065edb1d68808869e357c977fa77"
    integrity sha512-UYOadoSIkEI/VrRGSG6qp93rp2WdokiAiNYDfGW5qURAY8GiAQkvMbwNNSDYiVJopqv4gCna7xqf4rrNGp+5AA==
    dependencies:
      safe-buffer "^5.0.1"
  
  base-x@^3.0.2:
    version "3.0.5"
    resolved "https://registry.yarnpkg.com/base-x/-/base-x-3.0.5.tgz#d3ada59afed05b921ab581ec3112e6444ba0795a"
    integrity sha512-C3picSgzPSLE+jW3tcBzJoGwitOtazb5B+5YmAxZm2ybmTi9LNgAtDO/jjVEBZwHoXmDBZ9m/IELj3elJVRBcA==
    dependencies:
      safe-buffer "^5.0.1"
  
  base64-js@^1.0.2:
    version "1.3.0"
    resolved "https://registry.yarnpkg.com/base64-js/-/base64-js-1.3.0.tgz#cab1e6118f051095e58b5281aea8c1cd22bfc0e3"
    integrity sha512-ccav/yGvoa80BQDljCxsmmQ3Xvx60/UpBIij5QN21W3wBi/hhIC9OoO+KLpu9IJTS9j4DRVJ3aDDF9cMSoa2lw==
  
  bignumber.js@^8.0.1, bignumber.js@^8.0.2:
    version "8.1.1"
    resolved "https://registry.yarnpkg.com/bignumber.js/-/bignumber.js-8.1.1.tgz#4b072ae5aea9c20f6730e4e5d529df1271c4d885"
    integrity sha512-QD46ppGintwPGuL1KqmwhR0O+N2cZUg8JG/VzwI2e28sM9TqHjQB10lI4QAaMHVbLzwVLLAwEglpKPViWX+5NQ==
  
  bindings@^1.3.0, bindings@^1.5.0:
    version "1.5.0"
    resolved "https://registry.yarnpkg.com/bindings/-/bindings-1.5.0.tgz#10353c9e945334bc0511a6d90b38fbc7c9c504df"
    integrity sha512-p2q/t/mhvuOj/UeLlV6566GD/guowlr0hHxClI0W9m7MWYkL1F0hLo+0Aexs9HSPCtR1SXQ0TD3MMKrXZajbiQ==
    dependencies:
      file-uri-to-path "1.0.0"
  
  bip66@^1.1.5:
    version "1.1.5"
    resolved "https://registry.yarnpkg.com/bip66/-/bip66-1.1.5.tgz#01fa8748785ca70955d5011217d1b3139969ca22"
    integrity sha1-AfqHSHhcpwlV1QESF9GzE5lpyiI=
    dependencies:
      safe-buffer "^5.0.1"
  
  bl@^3.0.0:
    version "3.0.0"
    resolved "https://registry.yarnpkg.com/bl/-/bl-3.0.0.tgz#3611ec00579fd18561754360b21e9f784500ff88"
    integrity sha512-EUAyP5UHU5hxF8BPT0LKW8gjYLhq1DQIcneOX/pL/m2Alo+OYDQAJlHq+yseMP50Os2nHXOSic6Ss3vSQeyf4A==
    dependencies:
      readable-stream "^3.0.1"
  
  blakejs@^1.1.0:
    version "1.1.0"
    resolved "https://registry.yarnpkg.com/blakejs/-/blakejs-1.1.0.tgz#69df92ef953aa88ca51a32df6ab1c54a155fc7a5"
    integrity sha1-ad+S75U6qIylGjLfarHFShVfx6U=
  
  bn.js@^4.0.0, bn.js@^4.11.8, bn.js@^4.4.0:
    version "4.11.8"
    resolved "https://registry.yarnpkg.com/bn.js/-/bn.js-4.11.8.tgz#2cde09eb5ee341f484746bb0309b3253b1b1442f"
    integrity sha512-ItfYfPLkWHUjckQCk8xC+LwxgK8NYcXywGigJgSwOP8Y2iyWT4f2vsZnoOXTTbo+o5yXmIUJ4gn5538SO5S3gA==
  
  borc@^2.1.0:
    version "2.1.0"
    resolved "https://registry.yarnpkg.com/borc/-/borc-2.1.0.tgz#2def2fc69868633b965a9750e7f210d778190303"
    integrity sha512-hKTxeYt3AIzIG45epJHv8xJYSF0ktp7nZgFsqi5cPzoL3T8qKMPeUlqydORy6j3NWZvRDANx30PjpTmGho69Gw==
    dependencies:
      bignumber.js "^8.0.1"
      commander "^2.15.0"
      ieee754 "^1.1.8"
      iso-url "~0.4.4"
      json-text-sequence "~0.1.0"
  
  brace-expansion@^1.1.7:
    version "1.1.11"
    resolved "https://registry.yarnpkg.com/brace-expansion/-/brace-expansion-1.1.11.tgz#3c7fcbf529d87226f3d2f52b966ff5271eb441dd"
    integrity sha512-iCuPHDFgrHX7H2vEI/5xpz07zSHB00TpugqhmYtVmMO6518mCuRMoOYFldEBl0g187ufozdaHgWKcYFb61qGiA==
    dependencies:
      balanced-match "^1.0.0"
      concat-map "0.0.1"
  
  brorand@^1.0.1:
    version "1.1.0"
    resolved "https://registry.yarnpkg.com/brorand/-/brorand-1.1.0.tgz#12c25efe40a45e3c323eb8675a0a0ce57b22371f"
    integrity sha1-EsJe/kCkXjwyPrhnWgoM5XsiNx8=
  
  browserify-aes@^1.0.6, browserify-aes@^1.2.0:
    version "1.2.0"
    resolved "https://registry.yarnpkg.com/browserify-aes/-/browserify-aes-1.2.0.tgz#326734642f403dabc3003209853bb70ad428ef48"
    integrity sha512-+7CHXqGuspUn/Sl5aO7Ea0xWGAtETPXNSAjHo48JfLdPWcMng33Xe4znFvQweqc/uzk5zSOI3H52CYnjCfb5hA==
    dependencies:
      buffer-xor "^1.0.3"
      cipher-base "^1.0.0"
      create-hash "^1.1.0"
      evp_bytestokey "^1.0.3"
      inherits "^2.0.1"
      safe-buffer "^5.0.1"
  
  bs58@^4.0.1:
    version "4.0.1"
    resolved "https://registry.yarnpkg.com/bs58/-/bs58-4.0.1.tgz#be161e76c354f6f788ae4071f63f34e8c4f0a42a"
    integrity sha1-vhYedsNU9veIrkBx9j806MTwpCo=
    dependencies:
      base-x "^3.0.2"
  
  buffer-xor@^1.0.3:
    version "1.0.3"
    resolved "https://registry.yarnpkg.com/buffer-xor/-/buffer-xor-1.0.3.tgz#26e61ed1422fb70dd42e6e36729ed51d855fe8d9"
    integrity sha1-JuYe0UIvtw3ULm42cp7VHYVf6Nk=
  
  buffer@^5.2.1:
    version "5.2.1"
    resolved "https://registry.yarnpkg.com/buffer/-/buffer-5.2.1.tgz#dd57fa0f109ac59c602479044dca7b8b3d0b71d6"
    integrity sha512-c+Ko0loDaFfuPWiL02ls9Xd3GO3cPVmUobQ6t3rXNUk304u6hGq+8N/kFi+QEIKhzK3uwolVhLzszmfLmMLnqg==
    dependencies:
      base64-js "^1.0.2"
      ieee754 "^1.1.4"
  
  builtin-status-codes@^3.0.0:
    version "3.0.0"
    resolved "https://registry.yarnpkg.com/builtin-status-codes/-/builtin-status-codes-3.0.0.tgz#85982878e21b98e1c66425e03d0174788f569ee8"
    integrity sha1-hZgoeOIbmOHGZCXgPQF0eI9Wnug=
  
  cids@~0.7.0, cids@~0.7.1:
    version "0.7.1"
    resolved "https://registry.yarnpkg.com/cids/-/cids-0.7.1.tgz#d8bba49a35a0e82110879b5001abf1039c62347f"
    integrity sha512-qEM4j2GKE/BiT6WdUi6cfW8dairhSLTUE8tIdxJG6SvY33Mp/UPjw+xcO0n1zsllgo72BupzKF/44v+Bg8YPPg==
    dependencies:
      class-is "^1.1.0"
      multibase "~0.6.0"
      multicodec "~0.5.1"
      multihashes "~0.4.14"
  
  cipher-base@^1.0.0, cipher-base@^1.0.1, cipher-base@^1.0.3:
    version "1.0.4"
    resolved "https://registry.yarnpkg.com/cipher-base/-/cipher-base-1.0.4.tgz#8760e4ecc272f4c363532f926d874aae2c1397de"
    integrity sha512-Kkht5ye6ZGmwv40uUDZztayT2ThLQGfnj/T71N/XzeZeo3nf8foyW7zGTsPYkEya3m5f3cAypH+qe7YOrM1U2Q==
    dependencies:
      inherits "^2.0.1"
      safe-buffer "^5.0.1"
  
  class-is@^1.1.0:
    version "1.1.0"
    resolved "https://registry.yarnpkg.com/class-is/-/class-is-1.1.0.tgz#9d3c0fba0440d211d843cec3dedfa48055005825"
    integrity sha512-rhjH9AG1fvabIDoGRVH587413LPjTZgmDF9fOFCbFJQV4yuocX1mHxxvXI4g3cGwbVY9wAYIoKlg1N79frJKQw==
  
  commander@^2.15.0:
    version "2.20.0"
    resolved "https://registry.yarnpkg.com/commander/-/commander-2.20.0.tgz#d58bb2b5c1ee8f87b0d340027e9e94e222c5a422"
    integrity sha512-7j2y+40w61zy6YC2iRNpUe/NwhNyoXrYpHMrSunaMG64nRnaf96zO/KMQR4OyN/UnE5KLyEBnKHd4aG3rskjpQ==
  
  concat-map@0.0.1:
    version "0.0.1"
    resolved "https://registry.yarnpkg.com/concat-map/-/concat-map-0.0.1.tgz#d8a96bd77fd68df7793a73036a3ba0d5405d477b"
    integrity sha1-2Klr13/Wjfd5OnMDajug1UBdR3s=
  
  "concat-stream@github:hugomrdias/concat-stream#feat/smaller":
    version "2.0.0"
    resolved "https://codeload.github.com/hugomrdias/concat-stream/tar.gz/057bc7b5d6d8df26c8cf00a3f151b6721a0a8034"
    dependencies:
      inherits "^2.0.3"
      readable-stream "^3.0.2"
  
  create-hash@^1.1.0, create-hash@^1.1.2, create-hash@^1.2.0:
    version "1.2.0"
    resolved "https://registry.yarnpkg.com/create-hash/-/create-hash-1.2.0.tgz#889078af11a63756bcfb59bd221996be3a9ef196"
    integrity sha512-z00bCGNHDG8mHAkP7CtT1qVu+bFQUPjYq/4Iv3C3kWjTFV10zIjfSoeqXo9Asws8gwSHDGj/hl2u4OGIjapeCg==
    dependencies:
      cipher-base "^1.0.1"
      inherits "^2.0.1"
      md5.js "^1.3.4"
      ripemd160 "^2.0.1"
      sha.js "^2.4.0"
  
  create-hmac@^1.1.4:
    version "1.1.7"
    resolved "https://registry.yarnpkg.com/create-hmac/-/create-hmac-1.1.7.tgz#69170c78b3ab957147b2b8b04572e47ead2243ff"
    integrity sha512-MJG9liiZ+ogc4TzUwuvbER1JRdgvUFSB5+VR/g5h82fGaIRWMWddtKBHi7/sVhfjQZ6SehlyhvQYrcYkaUIpLg==
    dependencies:
      cipher-base "^1.0.3"
      create-hash "^1.1.0"
      inherits "^2.0.1"
      ripemd160 "^2.0.0"
      safe-buffer "^5.0.1"
      sha.js "^2.4.8"
  
  debug@^4.1.0:
    version "4.1.1"
    resolved "https://registry.yarnpkg.com/debug/-/debug-4.1.1.tgz#3b72260255109c6b589cee050f1d516139664791"
    integrity sha512-pYAIzeRo8J6KPEaJ0VWOh5Pzkbw/RetuzehGM7QRRX5he4fPHx2rdKMB256ehJCkX+XRQm16eZLqLNS8RSZXZw==
    dependencies:
      ms "^2.1.1"
  
  delimit-stream@0.1.0:
    version "0.1.0"
    resolved "https://registry.yarnpkg.com/delimit-stream/-/delimit-stream-0.1.0.tgz#9b8319477c0e5f8aeb3ce357ae305fc25ea1cd2b"
    integrity sha1-m4MZR3wOX4rrPONXrjBfwl6hzSs=
  
  detect-node@^2.0.4:
    version "2.0.4"
    resolved "https://registry.yarnpkg.com/detect-node/-/detect-node-2.0.4.tgz#014ee8f8f669c5c58023da64b8179c083a28c46c"
    integrity sha512-ZIzRpLJrOj7jjP2miAtgqIfmzbxa4ZOr5jJc601zklsfEx9oTzmmj2nVpIPRpNlRTIh8lc1kyViIY7BWSGNmKw==
  
  drbg.js@^1.0.1:
    version "1.0.1"
    resolved "https://registry.yarnpkg.com/drbg.js/-/drbg.js-1.0.1.tgz#3e36b6c42b37043823cdbc332d58f31e2445480b"
    integrity sha1-Pja2xCs3BDgjzbwzLVjzHiRFSAs=
    dependencies:
      browserify-aes "^1.0.6"
      create-hash "^1.1.2"
      create-hmac "^1.1.4"
  
  elliptic@^6.4.1:
    version "6.4.1"
    resolved "https://registry.yarnpkg.com/elliptic/-/elliptic-6.4.1.tgz#c2d0b7776911b86722c632c3c06c60f2f819939a"
    integrity sha512-BsXLz5sqX8OHcsh7CqBMztyXARmGQ3LWPtGjJi6DiJHq5C/qvi9P3OqgswKSDftbu8+IoI/QDTAm2fFnQ9SZSQ==
    dependencies:
      bn.js "^4.4.0"
      brorand "^1.0.1"
      hash.js "^1.0.0"
      hmac-drbg "^1.0.0"
      inherits "^2.0.1"
      minimalistic-assert "^1.0.0"
      minimalistic-crypto-utils "^1.0.0"
  
  end-of-stream@^1.1.0, end-of-stream@^1.4.1:
    version "1.4.1"
    resolved "https://registry.yarnpkg.com/end-of-stream/-/end-of-stream-1.4.1.tgz#ed29634d19baba463b6ce6b80a37213eab71ec43"
    integrity sha512-1MkrZNvWTKCaigbn+W15elq2BB/L22nqrSY5DKlo3X6+vclJm8Bb5djXJBmEX6fS3+zCh/F4VBK5Z2KxJt4s2Q==
    dependencies:
      once "^1.4.0"
  
  err-code@^1.1.2:
    version "1.1.2"
    resolved "https://registry.yarnpkg.com/err-code/-/err-code-1.1.2.tgz#06e0116d3028f6aef4806849eb0ea6a748ae6960"
    integrity sha1-BuARbTAo9q70gGhJ6w6mp0iuaWA=
  
  evp_bytestokey@^1.0.3:
    version "1.0.3"
    resolved "https://registry.yarnpkg.com/evp_bytestokey/-/evp_bytestokey-1.0.3.tgz#7fcbdb198dc71959432efe13842684e0525acb02"
    integrity sha512-/f2Go4TognH/KvCISP7OUsHn85hT9nUkxxA9BEWxFn+Oj9o8ZNLm/40hdlgSLyuOimsrTKLUMEorQexp/aPQeA==
    dependencies:
      md5.js "^1.3.4"
      safe-buffer "^5.1.1"
  
  file-uri-to-path@1.0.0:
    version "1.0.0"
    resolved "https://registry.yarnpkg.com/file-uri-to-path/-/file-uri-to-path-1.0.0.tgz#553a7b8446ff6f684359c445f1e37a05dacc33dd"
    integrity sha512-0Zt+s3L7Vf1biwWZ29aARiVYLx7iMGnEUl9x33fbB/j3jR81u/O2LbqK+Bm1CDSNDKVtJ/YjwY7TUd5SkeLQLw==
  
  flatmap@0.0.3:
    version "0.0.3"
    resolved "https://registry.yarnpkg.com/flatmap/-/flatmap-0.0.3.tgz#1f18a4d938152d495965f9c958d923ab2dd669b4"
    integrity sha1-Hxik2TgVLUlZZfnJWNkjqy3WabQ=
  
  fs-constants@^1.0.0:
    version "1.0.0"
    resolved "https://registry.yarnpkg.com/fs-constants/-/fs-constants-1.0.0.tgz#6be0de9be998ce16af8afc24497b9ee9b7ccd9ad"
    integrity sha512-y6OAwoSIf7FyjMIv94u+b5rdheZEjzR63GTyZJm5qh4Bi+2YgwLCcI/fPFZkL5PSixOt6ZNKm+w+Hfp/Bciwow==
  
  fs.realpath@^1.0.0:
    version "1.0.0"
    resolved "https://registry.yarnpkg.com/fs.realpath/-/fs.realpath-1.0.0.tgz#1504ad2523158caa40db4a2787cb01411994ea4f"
    integrity sha1-FQStJSMVjKpA20onh8sBQRmU6k8=
  
  glob@^7.1.3:
    version "7.1.4"
    resolved "https://registry.yarnpkg.com/glob/-/glob-7.1.4.tgz#aa608a2f6c577ad357e1ae5a5c26d9a8d1969255"
    integrity sha512-hkLPepehmnKk41pUGm3sYxoFs/umurYfYJCerbXEyFIWcAzvpipAgVkBqqT9RBKMGjnq6kMuyYwha6csxbiM1A==
    dependencies:
      fs.realpath "^1.0.0"
      inflight "^1.0.4"
      inherits "2"
      minimatch "^3.0.4"
      once "^1.3.0"
      path-is-absolute "^1.0.0"
  
  hash-base@^3.0.0:
    version "3.0.4"
    resolved "https://registry.yarnpkg.com/hash-base/-/hash-base-3.0.4.tgz#5fc8686847ecd73499403319a6b0a3f3f6ae4918"
    integrity sha1-X8hoaEfs1zSZQDMZprCj8/auSRg=
    dependencies:
      inherits "^2.0.1"
      safe-buffer "^5.0.1"
  
  hash.js@^1.0.0, hash.js@^1.0.3:
    version "1.1.7"
    resolved "https://registry.yarnpkg.com/hash.js/-/hash.js-1.1.7.tgz#0babca538e8d4ee4a0f8988d68866537a003cf42"
    integrity sha512-taOaskGt4z4SOANNseOviYDvjEJinIkRgmp7LbKP2YTTmVxWBl87s/uzK9r+44BclBSp2X7K1hqeNfz9JbBeXA==
    dependencies:
      inherits "^2.0.3"
      minimalistic-assert "^1.0.1"
  
  hmac-drbg@^1.0.0:
    version "1.0.1"
    resolved "https://registry.yarnpkg.com/hmac-drbg/-/hmac-drbg-1.0.1.tgz#d2745701025a6c775a6c545793ed502fc0c649a1"
    integrity sha1-0nRXAQJabHdabFRXk+1QL8DGSaE=
    dependencies:
      hash.js "^1.0.3"
      minimalistic-assert "^1.0.0"
      minimalistic-crypto-utils "^1.0.1"
  
  ieee754@^1.1.4, ieee754@^1.1.8:
    version "1.1.13"
    resolved "https://registry.yarnpkg.com/ieee754/-/ieee754-1.1.13.tgz#ec168558e95aa181fd87d37f55c32bbcb6708b84"
    integrity sha512-4vf7I2LYV/HaWerSo3XmlMkp5eZ83i+/CDluXi/IGTs/O1sejBNhTtnxzmRZfvOUqj7lZjqHkeTvpgSFDlWZTg==
  
  inflight@^1.0.4:
    version "1.0.6"
    resolved "https://registry.yarnpkg.com/inflight/-/inflight-1.0.6.tgz#49bd6331d7d02d0c09bc910a1075ba8165b56df9"
    integrity sha1-Sb1jMdfQLQwJvJEKEHW6gWW1bfk=
    dependencies:
      once "^1.3.0"
      wrappy "1"
  
  inherits@2, inherits@^2.0.1, inherits@^2.0.3:
    version "2.0.3"
    resolved "https://registry.yarnpkg.com/inherits/-/inherits-2.0.3.tgz#633c2c83e3da42a502f52466022480f4208261de"
    integrity sha1-Yzwsg+PaQqUC9SRmAiSA9CCCYd4=
  
  ip-regex@^2.0.0:
    version "2.1.0"
    resolved "https://registry.yarnpkg.com/ip-regex/-/ip-regex-2.1.0.tgz#fa78bf5d2e6913c911ce9f819ee5146bb6d844e9"
    integrity sha1-+ni/XS5pE8kRzp+BnuUUa7bYROk=
  
  ip@^1.1.5:
    version "1.1.5"
    resolved "https://registry.yarnpkg.com/ip/-/ip-1.1.5.tgz#bdded70114290828c0a039e72ef25f5aaec4354a"
    integrity sha1-vd7XARQpCCjAoDnnLvJfWq7ENUo=
  
  ipfs-block@~0.8.1:
    version "0.8.1"
    resolved "https://registry.yarnpkg.com/ipfs-block/-/ipfs-block-0.8.1.tgz#05e1068832775e8f1c2da5b64106cc837fd2acb9"
    integrity sha512-0FaCpmij+jZBoUYhjoB5ptjdl9QzvrdRIoBmUU5JiBnK2GA+4YM/ifklaB8ePRhA/rRzhd+KYBjvMFMAL4NrVQ==
    dependencies:
      cids "~0.7.0"
      class-is "^1.1.0"
  
  ipfs-http-client@^32.0.1:
    version "32.0.1"
    resolved "https://registry.yarnpkg.com/ipfs-http-client/-/ipfs-http-client-32.0.1.tgz#4f5845c56717c748751e70e5d579b7b18af9e824"
    integrity sha512-uDJjjAg9zvuiAucBE/o0I+xHu9Q9ZoLvj0cTyk+Jf+0duom1iIt2iEEN1HW+PNnZu12zYQWV3sB+tI5TN2lo7A==
    dependencies:
      async "^2.6.1"
      bignumber.js "^8.0.2"
      bl "^3.0.0"
      bs58 "^4.0.1"
      buffer "^5.2.1"
      cids "~0.7.1"
      concat-stream "github:hugomrdias/concat-stream#feat/smaller"
      debug "^4.1.0"
      detect-node "^2.0.4"
      end-of-stream "^1.4.1"
      err-code "^1.1.2"
      flatmap "0.0.3"
      glob "^7.1.3"
      ipfs-block "~0.8.1"
      ipfs-utils "~0.0.3"
      ipld-dag-cbor "~0.15.0"
      ipld-dag-pb "~0.17.3"
      is-ipfs "~0.6.1"
      is-pull-stream "0.0.0"
      is-stream "^2.0.0"
      iso-stream-http "~0.1.2"
      iso-url "~0.4.6"
      just-kebab-case "^1.1.0"
      just-map-keys "^1.1.0"
      kind-of "^6.0.2"
      lru-cache "^5.1.1"
      multiaddr "^6.0.6"
      multibase "~0.6.0"
      multicodec "~0.5.1"
      multihashes "~0.4.14"
      ndjson "github:hugomrdias/ndjson#feat/readable-stream3"
      once "^1.4.0"
      peer-id "~0.12.2"
      peer-info "~0.15.1"
      promisify-es6 "^1.0.3"
      pull-defer "~0.2.3"
      pull-stream "^3.6.9"
      pull-to-stream "~0.1.1"
      pump "^3.0.0"
      qs "^6.5.2"
      readable-stream "^3.1.1"
      stream-to-pull-stream "^1.7.2"
      tar-stream "^2.0.1"
      through2 "^3.0.1"
  
  ipfs-utils@~0.0.3:
    version "0.0.3"
    resolved "https://registry.yarnpkg.com/ipfs-utils/-/ipfs-utils-0.0.3.tgz#b56e0f2294ea627c61af11f1a169370609797226"
    integrity sha512-x3X8Q7gDPR0Zta/3Zftx2JUP3lNfrWqHgExD6aSLTBcxHKQViaOgKCsGr0SMiMYeyXNCrbI8nKlpusQyusTUrg==
    dependencies:
      buffer "^5.2.1"
      is-buffer "^2.0.3"
      is-electron "^2.2.0"
      is-pull-stream "0.0.0"
      is-stream "^2.0.0"
      kind-of "^6.0.2"
      readable-stream "^3.3.0"
  
  ipld-dag-cbor@~0.15.0:
    version "0.15.0"
    resolved "https://registry.yarnpkg.com/ipld-dag-cbor/-/ipld-dag-cbor-0.15.0.tgz#1fbebef1c2d8b980fb18b94f96ec3c1f1d32f860"
    integrity sha512-wc9nrDtV4Le76UUhG4LXX57NVi5d7JS2kLid2nOYZAcr0SFhiXZL2ZyV3bfmNohO50KvgPEessSaBBSm9bflGA==
    dependencies:
      borc "^2.1.0"
      cids "~0.7.0"
      is-circular "^1.0.2"
      multicodec "~0.5.0"
      multihashing-async "~0.7.0"
  
  ipld-dag-pb@~0.17.3:
    version "0.17.4"
    resolved "https://registry.yarnpkg.com/ipld-dag-pb/-/ipld-dag-pb-0.17.4.tgz#080841cfdd014d996f8da7f3a522ec8b1f6b6494"
    integrity sha512-YwCxETEMuXVspOKOhjIOHJvKvB/OZfCDkpSFiYBQN2/JQjM9y/RFCYzIQGm0wg7dCFLrhvfjAZLTSaKs65jzWA==
    dependencies:
      cids "~0.7.0"
      class-is "^1.1.0"
      multicodec "~0.5.1"
      multihashing-async "~0.7.0"
      protons "^1.0.1"
      stable "~0.1.8"
  
  is-buffer@^2.0.3:
    version "2.0.3"
    resolved "https://registry.yarnpkg.com/is-buffer/-/is-buffer-2.0.3.tgz#4ecf3fcf749cbd1e472689e109ac66261a25e725"
    integrity sha512-U15Q7MXTuZlrbymiz95PJpZxu8IlipAp4dtS3wOdgPXx3mqBnslrWU14kxfHB+Py/+2PVKSr37dMAgM2A4uArw==
  
  is-circular@^1.0.2:
    version "1.0.2"
    resolved "https://registry.yarnpkg.com/is-circular/-/is-circular-1.0.2.tgz#2e0ab4e9835f4c6b0ea2b9855a84acd501b8366c"
    integrity sha512-YttjnrswnUYRVJvxCvu8z+PGMUSzC2JttP0OEXezlAEdp3EXzhf7IZ3j0gRAybJBQupedIZFhY61Tga6E0qASA==
  
  is-electron@^2.2.0:
    version "2.2.0"
    resolved "https://registry.yarnpkg.com/is-electron/-/is-electron-2.2.0.tgz#8943084f09e8b731b3a7a0298a7b5d56f6b7eef0"
    integrity sha512-SpMppC2XR3YdxSzczXReBjqs2zGscWQpBIKqwXYBFic0ERaxNVgwLCHwOLZeESfdJQjX0RDvrJ1lBXX2ij+G1Q==
  
  is-ip@^2.0.0:
    version "2.0.0"
    resolved "https://registry.yarnpkg.com/is-ip/-/is-ip-2.0.0.tgz#68eea07e8a0a0a94c2d080dd674c731ab2a461ab"
    integrity sha1-aO6gfooKCpTC0IDdZ0xzGrKkYas=
    dependencies:
      ip-regex "^2.0.0"
  
  is-ipfs@~0.6.1:
    version "0.6.1"
    resolved "https://registry.yarnpkg.com/is-ipfs/-/is-ipfs-0.6.1.tgz#c85069c73275dc6a60673c791a9be731e2b4bfc4"
    integrity sha512-WhqQylam6pODS2RyqT/u0PR5KWtBZNCgPjgargFOVQjzw/3+6d0midXenzU65klM4LH13IUiCC6ObhDUdXZ7Nw==
    dependencies:
      bs58 "^4.0.1"
      cids "~0.7.0"
      mafmt "^6.0.7"
      multiaddr "^6.0.4"
      multibase "~0.6.0"
      multihashes "~0.4.13"
  
  is-promise@~1, is-promise@~1.0.0:
    version "1.0.1"
    resolved "https://registry.yarnpkg.com/is-promise/-/is-promise-1.0.1.tgz#31573761c057e33c2e91aab9e96da08cefbe76e5"
    integrity sha1-MVc3YcBX4zwukaq56W2gjO++duU=
  
  is-pull-stream@0.0.0:
    version "0.0.0"
    resolved "https://registry.yarnpkg.com/is-pull-stream/-/is-pull-stream-0.0.0.tgz#a3bc3d1c6d3055151c46bde6f399efed21440ca9"
    integrity sha1-o7w9HG0wVRUcRr3m85nv7SFEDKk=
  
  is-stream@^2.0.0:
    version "2.0.0"
    resolved "https://registry.yarnpkg.com/is-stream/-/is-stream-2.0.0.tgz#bde9c32680d6fae04129d6ac9d921ce7815f78e3"
    integrity sha512-XCoy+WlUr7d1+Z8GgSuXmpuUFC9fOhRXglJMx+dwLKTkL44Cjd4W1Z5P+BQZpr+cR93aGP4S/s7Ftw6Nd/kiEw==
  
  iso-random-stream@^1.1.0:
    version "1.1.0"
    resolved "https://registry.yarnpkg.com/iso-random-stream/-/iso-random-stream-1.1.0.tgz#c1dc1bb43dd8da6524df9cbc6253b010806585c8"
    integrity sha512-ywSWt0KrWcsaK0jVoVJIR30rLyjg9Rw3k2Sm/qp+3tdtSV0SNH7L7KilKnENcENOSoJxDFvpt2idvuMMQohdCQ==
  
  iso-stream-http@~0.1.2:
    version "0.1.2"
    resolved "https://registry.yarnpkg.com/iso-stream-http/-/iso-stream-http-0.1.2.tgz#b3dfea4c9f23ff26d078d40c539cfc0dfebacd37"
    integrity sha512-oHEDNOysIMTNypbg2f1SlydqRBvjl4ZbSE9+0awVxnkx3K2stGTFwB/kpVqnB6UEfF8QD36kAjDwZvqyXBLMnQ==
    dependencies:
      builtin-status-codes "^3.0.0"
      inherits "^2.0.1"
      readable-stream "^3.1.1"
  
  iso-url@~0.4.4, iso-url@~0.4.6:
    version "0.4.6"
    resolved "https://registry.yarnpkg.com/iso-url/-/iso-url-0.4.6.tgz#45005c4af4984cad4f8753da411b41b74cf0a8a6"
    integrity sha512-YQO7+aIe6l1aSJUKOx+Vrv08DlhZeLFIVfehG2L29KLSEb9RszqPXilxJRVpp57px36BddKR5ZsebacO5qG0tg==
  
  js-sha3@~0.8.0:
    version "0.8.0"
    resolved "https://registry.yarnpkg.com/js-sha3/-/js-sha3-0.8.0.tgz#b9b7a5da73afad7dedd0f8c463954cbde6818840"
    integrity sha512-gF1cRrHhIzNfToc802P800N8PpXS+evLLXfsVpowqmAFR9uwbi89WvXg2QspOmXL8QL86J4T1EpFu+yUkwJY3Q==
  
  json-stringify-safe@^5.0.1:
    version "5.0.1"
    resolved "https://registry.yarnpkg.com/json-stringify-safe/-/json-stringify-safe-5.0.1.tgz#1296a2d58fd45f19a0f6ce01d65701e2c735b6eb"
    integrity sha1-Epai1Y/UXxmg9s4B1lcB4sc1tus=
  
  json-text-sequence@~0.1.0:
    version "0.1.1"
    resolved "https://registry.yarnpkg.com/json-text-sequence/-/json-text-sequence-0.1.1.tgz#a72f217dc4afc4629fff5feb304dc1bd51a2f3d2"
    integrity sha1-py8hfcSvxGKf/1/rME3BvVGi89I=
    dependencies:
      delimit-stream "0.1.0"
  
  just-kebab-case@^1.1.0:
    version "1.1.0"
    resolved "https://registry.yarnpkg.com/just-kebab-case/-/just-kebab-case-1.1.0.tgz#ebe854fde84b0afa4e597fcd870b12eb3c026755"
    integrity sha512-QkuwuBMQ9BQHMUEkAtIA4INLrkmnnveqlFB1oFi09gbU0wBdZo6tTnyxNWMR84zHxBuwK7GLAwqN8nrvVxOLTA==
  
  just-map-keys@^1.1.0:
    version "1.1.0"
    resolved "https://registry.yarnpkg.com/just-map-keys/-/just-map-keys-1.1.0.tgz#9663c9f971ba46e17f2b05e66fec81149375f230"
    integrity sha512-oNKi+4y7fr8lXnhKYpBbCkiwHRVkAnx0VDkCeTDtKKMzGr1Lz1Yym+RSieKUTKim68emC5Yxrb4YmiF9STDO+g==
  
  keypair@^1.0.1:
    version "1.0.1"
    resolved "https://registry.yarnpkg.com/keypair/-/keypair-1.0.1.tgz#7603719270afb6564ed38a22087a06fc9aa4ea1b"
    integrity sha1-dgNxknCvtlZO04oiCHoG/Jqk6hs=
  
  kind-of@^6.0.2:
    version "6.0.2"
    resolved "https://registry.yarnpkg.com/kind-of/-/kind-of-6.0.2.tgz#01146b36a6218e64e58f3a8d66de5d7fc6f6d051"
    integrity sha512-s5kLOcnH0XqDO+FvuaLX8DDjZ18CGFk7VygH40QoKPUQhW4e2rvM0rwUq0t8IQDOwYSeLK01U90OjzBTme2QqA==
  
  libp2p-crypto-secp256k1@~0.3.0:
    version "0.3.0"
    resolved "https://registry.yarnpkg.com/libp2p-crypto-secp256k1/-/libp2p-crypto-secp256k1-0.3.0.tgz#47ce694fa3c9f2a8b61b11e66d29f1b101d9e985"
    integrity sha512-+rF3S5p2pzS4JLDwVE6gLWZeaKkpl4NkYwG+0knV6ot29UcRSb73OyCWl07r1h5+g9E3KZC3wpsu+RIK5w8zQA==
    dependencies:
      async "^2.6.1"
      bs58 "^4.0.1"
      multihashing-async "~0.5.1"
      nodeify "^1.0.1"
      safe-buffer "^5.1.2"
      secp256k1 "^3.6.1"
  
  libp2p-crypto@~0.16.0:
    version "0.16.1"
    resolved "https://registry.yarnpkg.com/libp2p-crypto/-/libp2p-crypto-0.16.1.tgz#40aa07e95a0a7fe6887ea3868625e74c81c34d75"
    integrity sha512-+fxqy+cDjwOKK4KTj44WQmjPE5ep2eR5uAIQWHl/+RKvRSor3+RAY53VWkAecgAEvjX2AswxBsoCIJK1Qk5aIQ==
    dependencies:
      asmcrypto.js "^2.3.2"
      asn1.js "^5.0.1"
      async "^2.6.1"
      bn.js "^4.11.8"
      browserify-aes "^1.2.0"
      bs58 "^4.0.1"
      iso-random-stream "^1.1.0"
      keypair "^1.0.1"
      libp2p-crypto-secp256k1 "~0.3.0"
      multihashing-async "~0.5.1"
      node-forge "~0.7.6"
      pem-jwk "^2.0.0"
      protons "^1.0.1"
      rsa-pem-to-jwk "^1.1.3"
      tweetnacl "^1.0.0"
      ursa-optional "~0.9.10"
  
  lodash@^4.17.11:
    version "4.17.11"
    resolved "https://registry.yarnpkg.com/lodash/-/lodash-4.17.11.tgz#b39ea6229ef607ecd89e2c8df12536891cac9b8d"
    integrity sha512-cQKh8igo5QUhZ7lg38DYWAxMvjSAKG0A8wGSVimP07SIUEK2UO+arSRKbRZWtelMtN5V0Hkwh5ryOto/SshYIg==
  
  looper@^3.0.0:
    version "3.0.0"
    resolved "https://registry.yarnpkg.com/looper/-/looper-3.0.0.tgz#2efa54c3b1cbaba9b94aee2e5914b0be57fbb749"
    integrity sha1-LvpUw7HLq6m5Su4uWRSwvlf7t0k=
  
  lru-cache@^5.1.1:
    version "5.1.1"
    resolved "https://registry.yarnpkg.com/lru-cache/-/lru-cache-5.1.1.tgz#1da27e6710271947695daf6848e847f01d84b920"
    integrity sha512-KpNARQA3Iwv+jTA0utUVVbrh+Jlrr1Fv0e56GGzAFOXN7dk/FviaDW8LHmK52DlcH4WP2n6gI8vN1aesBFgo9w==
    dependencies:
      yallist "^3.0.2"
  
  mafmt@^6.0.2, mafmt@^6.0.7:
    version "6.0.7"
    resolved "https://registry.yarnpkg.com/mafmt/-/mafmt-6.0.7.tgz#80312e08bfba0f89e2daa403525f33e07d9b97fa"
    integrity sha512-2OG/EGAJZmpZBl7YRT1hD83sZa2gKsUEdegRuURreIOe7B4VeHU1rYYmhgk7BkLzknGL3xGYsDx3bbSgEEzE7g==
    dependencies:
      multiaddr "^6.0.4"
  
  md5.js@^1.3.4:
    version "1.3.5"
    resolved "https://registry.yarnpkg.com/md5.js/-/md5.js-1.3.5.tgz#b5d07b8e3216e3e27cd728d72f70d1e6a342005f"
    integrity sha512-xitP+WxNPcTTOgnTJcrhM0xvdPepipPSf3I8EIpGKeFLjt3PlJLIDG3u8EX53ZIubkb+5U2+3rELYpEhHhzdkg==
    dependencies:
      hash-base "^3.0.0"
      inherits "^2.0.1"
      safe-buffer "^5.1.2"
  
  minimalistic-assert@^1.0.0, minimalistic-assert@^1.0.1:
    version "1.0.1"
    resolved "https://registry.yarnpkg.com/minimalistic-assert/-/minimalistic-assert-1.0.1.tgz#2e194de044626d4a10e7f7fbc00ce73e83e4d5c7"
    integrity sha512-UtJcAD4yEaGtjPezWuO9wC4nwUnVH/8/Im3yEHQP4b67cXlD/Qr9hdITCU1xDbSEXg2XKNaP8jsReV7vQd00/A==
  
  minimalistic-crypto-utils@^1.0.0, minimalistic-crypto-utils@^1.0.1:
    version "1.0.1"
    resolved "https://registry.yarnpkg.com/minimalistic-crypto-utils/-/minimalistic-crypto-utils-1.0.1.tgz#f6c00c1c0b082246e5c4d99dfb8c7c083b2b582a"
    integrity sha1-9sAMHAsIIkblxNmd+4x8CDsrWCo=
  
  minimatch@^3.0.4:
    version "3.0.4"
    resolved "https://registry.yarnpkg.com/minimatch/-/minimatch-3.0.4.tgz#5166e286457f03306064be5497e8dbb0c3d32083"
    integrity sha512-yJHVQEhyqPLUTgt9B83PXu6W3rx4MvvHvSUvToogpwoGDOUQ+yDrR0HRot+yOCdCO7u4hX3pWft6kWBBcqh0UA==
    dependencies:
      brace-expansion "^1.1.7"
  
  minimist@^1.2.0:
    version "1.2.0"
    resolved "https://registry.yarnpkg.com/minimist/-/minimist-1.2.0.tgz#a35008b20f41383eec1fb914f4cd5df79a264284"
    integrity sha1-o1AIsg9BOD7sH7kU9M1d95omQoQ=
  
  ms@^2.1.1:
    version "2.1.1"
    resolved "https://registry.yarnpkg.com/ms/-/ms-2.1.1.tgz#30a5864eb3ebb0a66f2ebe6d727af06a09d86e0a"
    integrity sha512-tgp+dl5cGk28utYktBsrFqA7HKgrhgPsg6Z/EfhWI4gl1Hwq8B/GmY/0oXZ6nF8hDVesS/FpnYaD/kOWhYQvyg==
  
  multiaddr@^6.0.3, multiaddr@^6.0.4, multiaddr@^6.0.6:
    version "6.0.6"
    resolved "https://registry.yarnpkg.com/multiaddr/-/multiaddr-6.0.6.tgz#99296d219d4f21b6520c7eaf43fd3ef9306d7a63"
    integrity sha512-nR4s91mi7IKed1jrqUj/4OhZ1VKdAjUG79IuVB5PS6b+qxOZLKPW8nsskHhrfGn4o1Rn1NJWl7znidF/NVQpEA==
    dependencies:
      bs58 "^4.0.1"
      class-is "^1.1.0"
      ip "^1.1.5"
      is-ip "^2.0.0"
      varint "^5.0.0"
  
  multibase@~0.6.0:
    version "0.6.0"
    resolved "https://registry.yarnpkg.com/multibase/-/multibase-0.6.0.tgz#0216e350614c7456da5e8e5b20d3fcd4c9104f56"
    integrity sha512-R9bNLQhbD7MsitPm1NeY7w9sDgu6d7cuj25snAWH7k5PSNPSwIQQBpcpj8jx1W96dLbdigZqmUWOdQRMnAmgjA==
    dependencies:
      base-x "3.0.4"
  
  multicodec@~0.5.0, multicodec@~0.5.1:
    version "0.5.3"
    resolved "https://registry.yarnpkg.com/multicodec/-/multicodec-0.5.3.tgz#b1ef71a55d0698c9b2d89585f66e4b081f33c20c"
    integrity sha512-TUId9mavSh7q4ui5nUYiC0U10XVrMhsoMLPoG6nAAaFt2GKqZKK3aB2AeFk58aqEnLhmTSdRkmNrlty4jjOxzg==
    dependencies:
      varint "^5.0.0"
  
  multihashes@~0.4.13, multihashes@~0.4.14:
    version "0.4.14"
    resolved "https://registry.yarnpkg.com/multihashes/-/multihashes-0.4.14.tgz#774db9a161f81a8a27dc60788f91248e020f5244"
    integrity sha512-V/g/EIN6nALXfS/xHUAgtfPP3mn3sPIF/i9beuGKf25QXS2QZYCpeVJbDPEannkz32B2fihzCe2D/KMrbcmefg==
    dependencies:
      bs58 "^4.0.1"
      varint "^5.0.0"
  
  multihashing-async@~0.5.1:
    version "0.5.2"
    resolved "https://registry.yarnpkg.com/multihashing-async/-/multihashing-async-0.5.2.tgz#4af40e0dde2f1dbb12a7c6b265181437ac26b9de"
    integrity sha512-mmyG6M/FKxrpBh9xQDUvuJ7BbqT93ZeEeH5X6LeMYKoYshYLr9BDdCsvDtZvn+Egf+/Xi+aOznrWL4vp3s+p0Q==
    dependencies:
      blakejs "^1.1.0"
      js-sha3 "~0.8.0"
      multihashes "~0.4.13"
      murmurhash3js "^3.0.1"
      nodeify "^1.0.1"
  
  multihashing-async@~0.7.0:
    version "0.7.0"
    resolved "https://registry.yarnpkg.com/multihashing-async/-/multihashing-async-0.7.0.tgz#3234fb98295be84386b85bfd20377d3e5be20d6b"
    integrity sha512-SCbfl3f+DzJh+/5piukga9ofIOxwfT05t8R4jfzZIJ88YE9zU9+l3K2X+XB19MYyxqvyK9UJRNWbmQpZqQlbRA==
    dependencies:
      blakejs "^1.1.0"
      buffer "^5.2.1"
      err-code "^1.1.2"
      js-sha3 "~0.8.0"
      multihashes "~0.4.13"
      murmurhash3js-revisited "^3.0.0"
  
  murmurhash3js-revisited@^3.0.0:
    version "3.0.0"
    resolved "https://registry.yarnpkg.com/murmurhash3js-revisited/-/murmurhash3js-revisited-3.0.0.tgz#6bd36e25de8f73394222adc6e41fa3fac08a5869"
    integrity sha512-/sF3ee6zvScXMb1XFJ8gDsSnY+X8PbOyjIuBhtgis10W2Jx4ZjIhikUCIF9c4gpJxVnQIsPAFrSwTCuAjicP6g==
  
  murmurhash3js@^3.0.1:
    version "3.0.1"
    resolved "https://registry.yarnpkg.com/murmurhash3js/-/murmurhash3js-3.0.1.tgz#3e983e5b47c2a06f43a713174e7e435ca044b998"
    integrity sha1-Ppg+W0fCoG9DpxMXTn5DXKBEuZg=
  
  nan@^2.11.1, nan@^2.14.0:
    version "2.14.0"
    resolved "https://registry.yarnpkg.com/nan/-/nan-2.14.0.tgz#7818f722027b2459a86f0295d434d1fc2336c52c"
    integrity sha512-INOFj37C7k3AfaNTtX8RhsTw7qRy7eLET14cROi9+5HAVbbHuIWUHEauBv5qT4Av2tWasiTY1Jw6puUNqRJXQg==
  
  "ndjson@github:hugomrdias/ndjson#feat/readable-stream3":
    version "1.5.0"
    resolved "https://codeload.github.com/hugomrdias/ndjson/tar.gz/4db16da6b42e5b39bf300c3a7cde62abb3fa3a11"
    dependencies:
      json-stringify-safe "^5.0.1"
      minimist "^1.2.0"
      split2 "^3.1.0"
      through2 "^3.0.0"
  
  node-forge@~0.7.6:
    version "0.7.6"
    resolved "https://registry.yarnpkg.com/node-forge/-/node-forge-0.7.6.tgz#fdf3b418aee1f94f0ef642cd63486c77ca9724ac"
    integrity sha512-sol30LUpz1jQFBjOKwbjxijiE3b6pjd74YwfD0fJOKPjF+fONKb2Yg8rYgS6+bK6VDl+/wfr4IYpC7jDzLUIfw==
  
  nodeify@^1.0.1:
    version "1.0.1"
    resolved "https://registry.yarnpkg.com/nodeify/-/nodeify-1.0.1.tgz#64ab69a7bdbaf03ce107b4f0335c87c0b9e91b1d"
    integrity sha1-ZKtpp7268DzhB7TwM1yHwLnpGx0=
    dependencies:
      is-promise "~1.0.0"
      promise "~1.3.0"
  
  object-assign@^2.0.0:
    version "2.1.1"
    resolved "https://registry.yarnpkg.com/object-assign/-/object-assign-2.1.1.tgz#43c36e5d569ff8e4816c4efa8be02d26967c18aa"
    integrity sha1-Q8NuXVaf+OSBbE76i+AtJpZ8GKo=
  
  once@^1.3.0, once@^1.3.1, once@^1.4.0:
    version "1.4.0"
    resolved "https://registry.yarnpkg.com/once/-/once-1.4.0.tgz#583b1aa775961d4b113ac17d9c50baef9dd76bd1"
    integrity sha1-WDsap3WWHUsROsF9nFC6753Xa9E=
    dependencies:
      wrappy "1"
  
  optimist@~0.3.5:
    version "0.3.7"
    resolved "https://registry.yarnpkg.com/optimist/-/optimist-0.3.7.tgz#c90941ad59e4273328923074d2cf2e7cbc6ec0d9"
    integrity sha1-yQlBrVnkJzMokjB00s8ufLxuwNk=
    dependencies:
      wordwrap "~0.0.2"
  
  path-is-absolute@^1.0.0:
    version "1.0.1"
    resolved "https://registry.yarnpkg.com/path-is-absolute/-/path-is-absolute-1.0.1.tgz#174b9268735534ffbc7ace6bf53a5a9e1b5c5f5f"
    integrity sha1-F0uSaHNVNP+8es5r9TpanhtcX18=
  
  peer-id@~0.12.2:
    version "0.12.2"
    resolved "https://registry.yarnpkg.com/peer-id/-/peer-id-0.12.2.tgz#0d1b876ebf21a528be9948c9cb7d30266342b2fd"
    integrity sha512-pked3yPLcOcprH21OnYbJAzk9OgI/TDEqjJ0IfRJSVB/61ZyqU5VKO7cw7hul+YD8nTD79wM79xFRWN3f6otNg==
    dependencies:
      async "^2.6.1"
      class-is "^1.1.0"
      libp2p-crypto "~0.16.0"
      multihashes "~0.4.13"
  
  peer-info@~0.15.1:
    version "0.15.1"
    resolved "https://registry.yarnpkg.com/peer-info/-/peer-info-0.15.1.tgz#21254a7c516d0dd046b150120b9aaf1b9ad02146"
    integrity sha512-Y91Q2tZRC0CpSTPd1UebhGqniOrOAk/aj60uYUcWJXCoLTAnGu+4LJGoiay8ayudS6ice7l3SKhgL/cS62QacA==
    dependencies:
      mafmt "^6.0.2"
      multiaddr "^6.0.3"
      peer-id "~0.12.2"
      unique-by "^1.0.0"
  
  pem-jwk@^2.0.0:
    version "2.0.0"
    resolved "https://registry.yarnpkg.com/pem-jwk/-/pem-jwk-2.0.0.tgz#1c5bb264612fc391340907f5c1de60c06d22f085"
    integrity sha512-rFxu7rVoHgQ5H9YsP50dDWf0rHjreVA2z0yPiWr5WdH/UHb29hKtF7h6l8vNd1cbYR1t0QL+JKhW55a2ZV4KtA==
    dependencies:
      asn1.js "^5.0.1"
  
  promise@~1.3.0:
    version "1.3.0"
    resolved "https://registry.yarnpkg.com/promise/-/promise-1.3.0.tgz#e5cc9a4c8278e4664ffedc01c7da84842b040175"
    integrity sha1-5cyaTIJ45GZP/twBx9qEhCsEAXU=
    dependencies:
      is-promise "~1"
  
  promisify-es6@^1.0.3:
    version "1.0.3"
    resolved "https://registry.yarnpkg.com/promisify-es6/-/promisify-es6-1.0.3.tgz#b012668c4df3c965ce13daac2b3a4d1726a96346"
    integrity sha512-N9iVG+CGJsI4b4ZGazjwLnxErD2d9Pe4DPvvXSxYA9tFNu8ymXME4Qs5HIQ0LMJpNM7zj+m0NlNnNeqFpKzqnA==
  
  protocol-buffers-schema@^3.3.1:
    version "3.3.2"
    resolved "https://registry.yarnpkg.com/protocol-buffers-schema/-/protocol-buffers-schema-3.3.2.tgz#00434f608b4e8df54c59e070efeefc37fb4bb859"
    integrity sha512-Xdayp8sB/mU+sUV4G7ws8xtYMGdQnxbeIfLjyO9TZZRJdztBGhlmbI5x1qcY4TG5hBkIKGnc28i7nXxaugu88w==
  
  protons@^1.0.1:
    version "1.0.1"
    resolved "https://registry.yarnpkg.com/protons/-/protons-1.0.1.tgz#1c107144c07fc2d1cb8b6cb76451e6a938237676"
    integrity sha512-+0ZKnfVs+4c43tbAQ5j0Mck8wPcLnlxUYzKQoB4iDW4ocdXGnN4P+0dDbgX1FTpoY9+7P2Tn2scJyHHqj+S/lQ==
    dependencies:
      protocol-buffers-schema "^3.3.1"
      safe-buffer "^5.1.1"
      signed-varint "^2.0.1"
      varint "^5.0.0"
  
  pull-defer@~0.2.3:
    version "0.2.3"
    resolved "https://registry.yarnpkg.com/pull-defer/-/pull-defer-0.2.3.tgz#4ee09c6d9e227bede9938db80391c3dac489d113"
    integrity sha512-/An3KE7mVjZCqNhZsr22k1Tx8MACnUnHZZNPSJ0S62td8JtYr/AiRG42Vz7Syu31SoTLUzVIe61jtT/pNdjVYA==
  
  pull-stream@^3.2.3, pull-stream@^3.6.9:
    version "3.6.12"
    resolved "https://registry.yarnpkg.com/pull-stream/-/pull-stream-3.6.12.tgz#11231c8dd77afe4ae30d1cd543873179e3b30a32"
    integrity sha512-+LO1XIVyTMmeoH26UHznpgrgX2npTVYccTkMpgk/EyiQjFt1FmoNm+w+/zMLuz9U3bpvT5sSUicMKEe/2JjgEA==
  
  pull-to-stream@~0.1.1:
    version "0.1.1"
    resolved "https://registry.yarnpkg.com/pull-to-stream/-/pull-to-stream-0.1.1.tgz#fa2058528528e3542b81d6f17cbc42288508ff37"
    integrity sha512-thZkMv6F9PILt9zdvpI2gxs19mkDrlixYKX6cOBxAW16i1NZH+yLAmF4r8QfJ69zuQh27e01JZP9y27tsH021w==
    dependencies:
      readable-stream "^3.1.1"
  
  pump@^3.0.0:
    version "3.0.0"
    resolved "https://registry.yarnpkg.com/pump/-/pump-3.0.0.tgz#b4a2116815bde2f4e1ea602354e8c75565107a64"
    integrity sha512-LwZy+p3SFs1Pytd/jYct4wpv49HiYCqd9Rlc5ZVdk0V+8Yzv6jR5Blk3TRmPL1ft69TxP0IMZGJ+WPFU2BFhww==
    dependencies:
      end-of-stream "^1.1.0"
      once "^1.3.1"
  
  qs@^6.5.2:
    version "6.7.0"
    resolved "https://registry.yarnpkg.com/qs/-/qs-6.7.0.tgz#41dc1a015e3d581f1621776be31afb2876a9b1bc"
    integrity sha512-VCdBRNFTX1fyE7Nb6FYoURo/SPe62QCaAyzJvUjwRaIsc+NePBEniHlvxFmmX56+HZphIGtV0XeCirBtpDrTyQ==
  
  "readable-stream@2 || 3", readable-stream@^3.0.0, readable-stream@^3.0.1, readable-stream@^3.0.2, readable-stream@^3.1.1, readable-stream@^3.3.0:
    version "3.4.0"
    resolved "https://registry.yarnpkg.com/readable-stream/-/readable-stream-3.4.0.tgz#a51c26754658e0a3c21dbf59163bd45ba6f447fc"
    integrity sha512-jItXPLmrSR8jmTRmRWJXCnGJsfy85mB3Wd/uINMXA65yrnFo0cPClFIUWzo2najVNSl+mx7/4W8ttlLWJe99pQ==
    dependencies:
      inherits "^2.0.3"
      string_decoder "^1.1.1"
      util-deprecate "^1.0.1"
  
  ripemd160@^2.0.0, ripemd160@^2.0.1:
    version "2.0.2"
    resolved "https://registry.yarnpkg.com/ripemd160/-/ripemd160-2.0.2.tgz#a1c1a6f624751577ba5d07914cbc92850585890c"
    integrity sha512-ii4iagi25WusVoiC4B4lq7pbXfAp3D9v5CwfkY33vffw2+pkDjY1D8GaN7spsxvCSx8dkPqOZCEZyfxcmJG2IA==
    dependencies:
      hash-base "^3.0.0"
      inherits "^2.0.1"
  
  rsa-pem-to-jwk@^1.1.3:
    version "1.1.3"
    resolved "https://registry.yarnpkg.com/rsa-pem-to-jwk/-/rsa-pem-to-jwk-1.1.3.tgz#245e76bdb7e7234cfee7ca032d31b54c38fab98e"
    integrity sha1-JF52vbfnI0z+58oDLTG1TDj6uY4=
    dependencies:
      object-assign "^2.0.0"
      rsa-unpack "0.0.6"
  
  rsa-unpack@0.0.6:
    version "0.0.6"
    resolved "https://registry.yarnpkg.com/rsa-unpack/-/rsa-unpack-0.0.6.tgz#f50ebd56a628378e631f297161026ce9ab4eddba"
    integrity sha1-9Q69VqYoN45jHylxYQJs6atO3bo=
    dependencies:
      optimist "~0.3.5"
  
  safe-buffer@^5.0.1, safe-buffer@^5.1.1, safe-buffer@^5.1.2, safe-buffer@~5.1.0:
    version "5.1.2"
    resolved "https://registry.yarnpkg.com/safe-buffer/-/safe-buffer-5.1.2.tgz#991ec69d296e0313747d59bdfd2b745c35f8828d"
    integrity sha512-Gd2UZBJDkXlY7GbJxfsE8/nvKkUEU1G38c1siN6QP6a9PT9MmHB8GnpscSmMJSoF8LOIrt8ud/wPtojys4G6+g==
  
  secp256k1@^3.6.1:
    version "3.7.1"
    resolved "https://registry.yarnpkg.com/secp256k1/-/secp256k1-3.7.1.tgz#12e473e0e9a7c2f2d4d4818e722ad0e14cc1e2f1"
    integrity sha512-1cf8sbnRreXrQFdH6qsg2H71Xw91fCCS9Yp021GnUNJzWJS/py96fS4lHbnTnouLp08Xj6jBoBB6V78Tdbdu5g==
    dependencies:
      bindings "^1.5.0"
      bip66 "^1.1.5"
      bn.js "^4.11.8"
      create-hash "^1.2.0"
      drbg.js "^1.0.1"
      elliptic "^6.4.1"
      nan "^2.14.0"
      safe-buffer "^5.1.2"
  
  sha.js@^2.4.0, sha.js@^2.4.8:
    version "2.4.11"
    resolved "https://registry.yarnpkg.com/sha.js/-/sha.js-2.4.11.tgz#37a5cf0b81ecbc6943de109ba2960d1b26584ae7"
    integrity sha512-QMEp5B7cftE7APOjk5Y6xgrbWu+WkLVQwk8JNjZ8nKRciZaByEW6MubieAiToS7+dwvrjGhH8jRXz3MVd0AYqQ==
    dependencies:
      inherits "^2.0.1"
      safe-buffer "^5.0.1"
  
  signed-varint@^2.0.1:
    version "2.0.1"
    resolved "https://registry.yarnpkg.com/signed-varint/-/signed-varint-2.0.1.tgz#50a9989da7c98c2c61dad119bc97470ef8528129"
    integrity sha1-UKmYnafJjCxh2tEZvJdHDvhSgSk=
    dependencies:
      varint "~5.0.0"
  
  split2@^3.1.0:
    version "3.1.1"
    resolved "https://registry.yarnpkg.com/split2/-/split2-3.1.1.tgz#c51f18f3e06a8c4469aaab487687d8d956160bb6"
    integrity sha512-emNzr1s7ruq4N+1993yht631/JH+jaj0NYBosuKmLcq+JkGQ9MmTw1RB1fGaTCzUuseRIClrlSLHRNYGwWQ58Q==
    dependencies:
      readable-stream "^3.0.0"
  
  stable@~0.1.8:
    version "0.1.8"
    resolved "https://registry.yarnpkg.com/stable/-/stable-0.1.8.tgz#836eb3c8382fe2936feaf544631017ce7d47a3cf"
    integrity sha512-ji9qxRnOVfcuLDySj9qzhGSEFVobyt1kIOSkj1qZzYLzq7Tos/oUUWvotUPQLlrsidqsK6tBH89Bc9kL5zHA6w==
  
  stream-to-pull-stream@^1.7.2:
    version "1.7.3"
    resolved "https://registry.yarnpkg.com/stream-to-pull-stream/-/stream-to-pull-stream-1.7.3.tgz#4161aa2d2eb9964de60bfa1af7feaf917e874ece"
    integrity sha512-6sNyqJpr5dIOQdgNy/xcDWwDuzAsAwVzhzrWlAPAQ7Lkjx/rv0wgvxEyKwTq6FmNd5rjTrELt/CLmaSw7crMGg==
    dependencies:
      looper "^3.0.0"
      pull-stream "^3.2.3"
  
  string_decoder@^1.1.1:
    version "1.2.0"
    resolved "https://registry.yarnpkg.com/string_decoder/-/string_decoder-1.2.0.tgz#fe86e738b19544afe70469243b2a1ee9240eae8d"
    integrity sha512-6YqyX6ZWEYguAxgZzHGL7SsCeGx3V2TtOTqZz1xSTSWnqsbWwbptafNyvf/ACquZUXV3DANr5BDIwNYe1mN42w==
    dependencies:
      safe-buffer "~5.1.0"
  
  tar-stream@^2.0.1:
    version "2.0.1"
    resolved "https://registry.yarnpkg.com/tar-stream/-/tar-stream-2.0.1.tgz#42fbe41cd1cc5e6657c813e7d98e7afca2858a8c"
    integrity sha512-I6OJF7wE62BC6zNPdHDtseK0D0187PBjbKSLYY4ffvVkBM6tyBn2O9plDvVM2229/mozfEL/X3++qSvYYQE2xw==
    dependencies:
      bl "^3.0.0"
      end-of-stream "^1.4.1"
      fs-constants "^1.0.0"
      inherits "^2.0.3"
      readable-stream "^3.1.1"
  
  through2@^3.0.0, through2@^3.0.1:
    version "3.0.1"
    resolved "https://registry.yarnpkg.com/through2/-/through2-3.0.1.tgz#39276e713c3302edf9e388dd9c812dd3b825bd5a"
    integrity sha512-M96dvTalPT3YbYLaKaCuwu+j06D/8Jfib0o/PxbVt6Amhv3dUAtW6rTV1jPgJSBG83I/e04Y6xkVdVhSRhi0ww==
    dependencies:
      readable-stream "2 || 3"
  
  tweetnacl@^1.0.0:
    version "1.0.1"
    resolved "https://registry.yarnpkg.com/tweetnacl/-/tweetnacl-1.0.1.tgz#2594d42da73cd036bd0d2a54683dd35a6b55ca17"
    integrity sha512-kcoMoKTPYnoeS50tzoqjPY3Uv9axeuuFAZY9M/9zFnhoVvRfxz9K29IMPD7jGmt2c8SW7i3gT9WqDl2+nV7p4A==
  
  unique-by@^1.0.0:
    version "1.0.0"
    resolved "https://registry.yarnpkg.com/unique-by/-/unique-by-1.0.0.tgz#5220c86ba7bc572fb713ad74651470cb644212bd"
    integrity sha1-UiDIa6e8Vy+3E610ZRRwy2RCEr0=
  
  ursa-optional@~0.9.10:
    version "0.9.10"
    resolved "https://registry.yarnpkg.com/ursa-optional/-/ursa-optional-0.9.10.tgz#f2eabfe0b6001dbf07a78740cd0a6e5ba6eb2554"
    integrity sha512-RvEbhnxlggX4MXon7KQulTFiJQtLJZpSb9ZSa7ZTkOW0AzqiVTaLjI4vxaSzJBDH9dwZ3ltZadFiBaZslp6haA==
    dependencies:
      bindings "^1.3.0"
      nan "^2.11.1"
  
  util-deprecate@^1.0.1:
    version "1.0.2"
    resolved "https://registry.yarnpkg.com/util-deprecate/-/util-deprecate-1.0.2.tgz#450d4dc9fa70de732762fbd2d4a28981419a0ccf"
    integrity sha1-RQ1Nyfpw3nMnYvvS1KKJgUGaDM8=
  
  varint@^5.0.0, varint@~5.0.0:
    version "5.0.0"
    resolved "https://registry.yarnpkg.com/varint/-/varint-5.0.0.tgz#d826b89f7490732fabc0c0ed693ed475dcb29ebf"
    integrity sha1-2Ca4n3SQcy+rwMDtaT7Uddyynr8=
  
  wordwrap@~0.0.2:
    version "0.0.3"
    resolved "https://registry.yarnpkg.com/wordwrap/-/wordwrap-0.0.3.tgz#a3d5da6cd5c0bc0008d37234bbaf1bed63059107"
    integrity sha1-o9XabNXAvAAI03I0u68b7WMFkQc=
  
  wrappy@1:
    version "1.0.2"
    resolved "https://registry.yarnpkg.com/wrappy/-/wrappy-1.0.2.tgz#b5243d8f3ec1aa35f1364605bc0d1036e30ab69f"
    integrity sha1-tSQ9jz7BqjXxNkYFvA0QNuMKtp8=
  
  yallist@^3.0.2:
    version "3.0.3"
    resolved "https://registry.yarnpkg.com/yallist/-/yallist-3.0.3.tgz#b4b049e314be545e3ce802236d6cd22cd91c3de9"
    integrity sha512-S+Zk8DEWE6oKpV+vI3qWkaK+jSbIK86pCwe2IF/xwIpQ8jEuxpw9NyaGjmp9+BoJv5FV2piqCDcoCtStppiq2A==
